<?xml version="1.0" encoding="UTF-8"?>
<!-- Generated by org.testng.reporters.JUnitXMLReporter -->
<testsuite ignored="0" hostname="DESKTOP-NCKGJI9" failures="0" tests="2" name="Error Validation Test" time="22.989" errors="0" timestamp="2023-10-01T12:33:56 IST">
  <testcase classname="ecommerceproject.ecommerceproject.ErrorValidationTest" name="loginErrorValidation" time="1.511"/>
  <testcase classname="ecommerceproject.ecommerceproject.ErrorValidationTest" name="productErrorValidation" time="14.678"/>
</testsuite> <!-- Error Validation Test -->
