<?xml version="1.0" encoding="UTF-8"?>
<testng-results ignored="0" total="3" passed="3" failed="0" skipped="0">
  <reporter-output>
  </reporter-output>
  <suite started-at="2023-09-18T12:44:53 IST" name="Suite" finished-at="2023-09-18T12:45:49 IST" duration-ms="56474">
    <groups>
    </groups>
    <test started-at="2023-09-18T12:44:53 IST" name="Submit Order Test" finished-at="2023-09-18T12:45:17 IST" duration-ms="23903">
      <class name="ecommerceproject.ecommerceproject.SubmitOrderTest">
        <test-method is-config="true" signature="launchApplication()[pri:0, instance:ecommerceproject.ecommerceproject.SubmitOrderTest@1b7cc17c]" started-at="2023-09-18T12:44:53 IST" name="launchApplication" finished-at="2023-09-18T12:45:10 IST" duration-ms="17118" status="PASS">
          <reporter-output>
          </reporter-output>
        </test-method> <!-- launchApplication -->
        <test-method signature="submitOrder()[pri:0, instance:ecommerceproject.ecommerceproject.SubmitOrderTest@1b7cc17c]" started-at="2023-09-18T12:45:10 IST" name="submitOrder" finished-at="2023-09-18T12:45:17 IST" duration-ms="6475" status="PASS">
          <reporter-output>
          </reporter-output>
        </test-method> <!-- submitOrder -->
        <test-method is-config="true" signature="tearDown()[pri:0, instance:ecommerceproject.ecommerceproject.SubmitOrderTest@1b7cc17c]" started-at="2023-09-18T12:45:17 IST" name="tearDown" finished-at="2023-09-18T12:45:17 IST" duration-ms="224" status="PASS">
          <reporter-output>
          </reporter-output>
        </test-method> <!-- tearDown -->
      </class> <!-- ecommerceproject.ecommerceproject.SubmitOrderTest -->
    </test> <!-- Submit Order Test -->
    <test started-at="2023-09-18T12:45:17 IST" name="Error Validation Test" finished-at="2023-09-18T12:45:49 IST" duration-ms="32507">
      <class name="ecommerceproject.ecommerceproject.ErrorValidationTest">
        <test-method is-config="true" signature="launchApplication()[pri:0, instance:ecommerceproject.ecommerceproject.ErrorValidationTest@3c41ed1d]" started-at="2023-09-18T12:45:17 IST" name="launchApplication" finished-at="2023-09-18T12:45:21 IST" duration-ms="4388" status="PASS">
          <reporter-output>
          </reporter-output>
        </test-method> <!-- launchApplication -->
        <test-method signature="loginErrorValidation()[pri:0, instance:ecommerceproject.ecommerceproject.ErrorValidationTest@3c41ed1d]" started-at="2023-09-18T12:45:21 IST" name="loginErrorValidation" finished-at="2023-09-18T12:45:23 IST" duration-ms="1348" status="PASS">
          <reporter-output>
          </reporter-output>
        </test-method> <!-- loginErrorValidation -->
        <test-method is-config="true" signature="tearDown()[pri:0, instance:ecommerceproject.ecommerceproject.ErrorValidationTest@3c41ed1d]" started-at="2023-09-18T12:45:23 IST" name="tearDown" finished-at="2023-09-18T12:45:23 IST" duration-ms="201" status="PASS">
          <reporter-output>
          </reporter-output>
        </test-method> <!-- tearDown -->
        <test-method is-config="true" signature="launchApplication()[pri:0, instance:ecommerceproject.ecommerceproject.ErrorValidationTest@3c41ed1d]" started-at="2023-09-18T12:45:23 IST" name="launchApplication" finished-at="2023-09-18T12:45:33 IST" duration-ms="10583" status="PASS">
          <reporter-output>
          </reporter-output>
        </test-method> <!-- launchApplication -->
        <test-method signature="productErrorValidation()[pri:0, instance:ecommerceproject.ecommerceproject.ErrorValidationTest@3c41ed1d]" started-at="2023-09-18T12:45:33 IST" name="productErrorValidation" finished-at="2023-09-18T12:45:49 IST" duration-ms="15784" status="PASS">
          <reporter-output>
          </reporter-output>
        </test-method> <!-- productErrorValidation -->
        <test-method is-config="true" signature="tearDown()[pri:0, instance:ecommerceproject.ecommerceproject.ErrorValidationTest@3c41ed1d]" started-at="2023-09-18T12:45:49 IST" name="tearDown" finished-at="2023-09-18T12:45:49 IST" duration-ms="180" status="PASS">
          <reporter-output>
          </reporter-output>
        </test-method> <!-- tearDown -->
      </class> <!-- ecommerceproject.ecommerceproject.ErrorValidationTest -->
    </test> <!-- Error Validation Test -->
  </suite> <!-- Suite -->
</testng-results>
