<?xml version="1.0" encoding="UTF-8"?>
<testng-results ignored="0" total="6" passed="6" failed="0" skipped="0">
  <reporter-output>
  </reporter-output>
  <suite started-at="2023-09-29T20:04:32 IST" name="Suite" finished-at="2023-09-29T20:05:40 IST" duration-ms="67485">
    <groups>
      <group name="ErrorHandling">
        <method signature="ErrorValidationTest.loginErrorValidation()[pri:0, instance:ecommerceproject.ecommerceproject.ErrorValidationTest@7f2cfe3f]" name="loginErrorValidation" class="ecommerceproject.ecommerceproject.ErrorValidationTest"/>
      </group> <!-- ErrorHandling -->
      <group name="Purchase">
        <method signature="SubmitOrderTest.submitOrder(java.util.HashMap)[pri:0, instance:ecommerceproject.ecommerceproject.SubmitOrderTest@6f15d60e]" name="submitOrder" class="ecommerceproject.ecommerceproject.SubmitOrderTest"/>
      </group> <!-- Purchase -->
    </groups>
    <test started-at="2023-09-29T20:04:32 IST" name="Submit Order Test" finished-at="2023-09-29T20:05:26 IST" duration-ms="54061">
      <class name="ecommerceproject.ecommerceproject.SubmitOrderTest">
        <test-method is-config="true" signature="launchApplication()[pri:0, instance:ecommerceproject.ecommerceproject.SubmitOrderTest@6f15d60e]" started-at="2023-09-29T20:04:33 IST" name="launchApplication" finished-at="2023-09-29T20:04:47 IST" duration-ms="14681" status="PASS">
          <reporter-output>
          </reporter-output>
        </test-method> <!-- launchApplication -->
        <test-method signature="submitOrder(java.util.HashMap)[pri:0, instance:ecommerceproject.ecommerceproject.SubmitOrderTest@6f15d60e]" started-at="2023-09-29T20:04:47 IST" name="submitOrder" data-provider="getData" finished-at="2023-09-29T20:04:53 IST" duration-ms="5495" status="PASS">
          <params>
            <param index="0">
              <value>
                <![CDATA[{password=Jha@123gg, product=ZARA COAT 3, email=jhagangeshgunjan@gmail.com}]]>
              </value>
            </param>
          </params>
          <reporter-output>
          </reporter-output>
        </test-method> <!-- submitOrder -->
        <test-method is-config="true" signature="tearDown()[pri:0, instance:ecommerceproject.ecommerceproject.SubmitOrderTest@6f15d60e]" started-at="2023-09-29T20:04:53 IST" name="tearDown" finished-at="2023-09-29T20:04:53 IST" duration-ms="405" status="PASS">
          <reporter-output>
          </reporter-output>
        </test-method> <!-- tearDown -->
        <test-method is-config="true" signature="launchApplication()[pri:0, instance:ecommerceproject.ecommerceproject.SubmitOrderTest@6f15d60e]" started-at="2023-09-29T20:04:53 IST" name="launchApplication" finished-at="2023-09-29T20:04:58 IST" duration-ms="4745" status="PASS">
          <reporter-output>
          </reporter-output>
        </test-method> <!-- launchApplication -->
        <test-method signature="submitOrder(java.util.HashMap)[pri:0, instance:ecommerceproject.ecommerceproject.SubmitOrderTest@6f15d60e]" started-at="2023-09-29T20:04:58 IST" name="submitOrder" data-provider="getData" finished-at="2023-09-29T20:05:14 IST" duration-ms="16184" status="PASS">
          <params>
            <param index="0">
              <value>
                <![CDATA[{password=G@g8961jha, product=ADIDAS ORIGINAL, email=ujha777@gmail.com}]]>
              </value>
            </param>
          </params>
          <reporter-output>
          </reporter-output>
        </test-method> <!-- submitOrder -->
        <test-method is-config="true" signature="tearDown()[pri:0, instance:ecommerceproject.ecommerceproject.SubmitOrderTest@6f15d60e]" started-at="2023-09-29T20:05:14 IST" name="tearDown" finished-at="2023-09-29T20:05:15 IST" duration-ms="319" status="PASS">
          <reporter-output>
          </reporter-output>
        </test-method> <!-- tearDown -->
        <test-method is-config="true" signature="launchApplication()[pri:0, instance:ecommerceproject.ecommerceproject.SubmitOrderTest@6f15d60e]" started-at="2023-09-29T20:05:15 IST" name="launchApplication" finished-at="2023-09-29T20:05:18 IST" duration-ms="3299" status="PASS">
          <reporter-output>
          </reporter-output>
        </test-method> <!-- launchApplication -->
        <test-method signature="orderHistoryTest(java.util.HashMap)[pri:0, instance:ecommerceproject.ecommerceproject.SubmitOrderTest@6f15d60e]" started-at="2023-09-29T20:05:18 IST" name="orderHistoryTest" data-provider="getData" finished-at="2023-09-29T20:05:19 IST" depends-on-methods="ecommerceproject.ecommerceproject.SubmitOrderTest.submitOrder" duration-ms="1356" status="PASS">
          <params>
            <param index="0">
              <value>
                <![CDATA[{password=Jha@123gg, product=ZARA COAT 3, email=jhagangeshgunjan@gmail.com}]]>
              </value>
            </param>
          </params>
          <reporter-output>
          </reporter-output>
        </test-method> <!-- orderHistoryTest -->
        <test-method is-config="true" signature="tearDown()[pri:0, instance:ecommerceproject.ecommerceproject.SubmitOrderTest@6f15d60e]" started-at="2023-09-29T20:05:19 IST" name="tearDown" finished-at="2023-09-29T20:05:19 IST" duration-ms="148" status="PASS">
          <reporter-output>
          </reporter-output>
        </test-method> <!-- tearDown -->
        <test-method is-config="true" signature="launchApplication()[pri:0, instance:ecommerceproject.ecommerceproject.SubmitOrderTest@6f15d60e]" started-at="2023-09-29T20:05:19 IST" name="launchApplication" finished-at="2023-09-29T20:05:25 IST" duration-ms="5387" status="PASS">
          <reporter-output>
          </reporter-output>
        </test-method> <!-- launchApplication -->
        <test-method signature="orderHistoryTest(java.util.HashMap)[pri:0, instance:ecommerceproject.ecommerceproject.SubmitOrderTest@6f15d60e]" started-at="2023-09-29T20:05:25 IST" name="orderHistoryTest" data-provider="getData" finished-at="2023-09-29T20:05:26 IST" depends-on-methods="ecommerceproject.ecommerceproject.SubmitOrderTest.submitOrder" duration-ms="1350" status="PASS">
          <params>
            <param index="0">
              <value>
                <![CDATA[{password=G@g8961jha, product=ADIDAS ORIGINAL, email=ujha777@gmail.com}]]>
              </value>
            </param>
          </params>
          <reporter-output>
          </reporter-output>
        </test-method> <!-- orderHistoryTest -->
        <test-method is-config="true" signature="tearDown()[pri:0, instance:ecommerceproject.ecommerceproject.SubmitOrderTest@6f15d60e]" started-at="2023-09-29T20:05:26 IST" name="tearDown" finished-at="2023-09-29T20:05:26 IST" duration-ms="181" status="PASS">
          <reporter-output>
          </reporter-output>
        </test-method> <!-- tearDown -->
      </class> <!-- ecommerceproject.ecommerceproject.SubmitOrderTest -->
    </test> <!-- Submit Order Test -->
    <test started-at="2023-09-29T20:05:27 IST" name="Error Validation Test" finished-at="2023-09-29T20:05:40 IST" duration-ms="12616">
      <class name="ecommerceproject.ecommerceproject.ErrorValidationTest">
        <test-method is-config="true" signature="launchApplication()[pri:0, instance:ecommerceproject.ecommerceproject.ErrorValidationTest@7f2cfe3f]" started-at="2023-09-29T20:05:27 IST" name="launchApplication" finished-at="2023-09-29T20:05:32 IST" duration-ms="4706" status="PASS">
          <reporter-output>
          </reporter-output>
        </test-method> <!-- launchApplication -->
        <test-method signature="loginErrorValidation()[pri:0, instance:ecommerceproject.ecommerceproject.ErrorValidationTest@7f2cfe3f]" started-at="2023-09-29T20:05:32 IST" name="loginErrorValidation" finished-at="2023-09-29T20:05:33 IST" duration-ms="1021" status="PASS">
          <reporter-output>
          </reporter-output>
        </test-method> <!-- loginErrorValidation -->
        <test-method is-config="true" signature="tearDown()[pri:0, instance:ecommerceproject.ecommerceproject.ErrorValidationTest@7f2cfe3f]" started-at="2023-09-29T20:05:33 IST" name="tearDown" finished-at="2023-09-29T20:05:33 IST" duration-ms="181" status="PASS">
          <reporter-output>
          </reporter-output>
        </test-method> <!-- tearDown -->
        <test-method is-config="true" signature="launchApplication()[pri:0, instance:ecommerceproject.ecommerceproject.ErrorValidationTest@7f2cfe3f]" started-at="2023-09-29T20:05:33 IST" name="launchApplication" finished-at="2023-09-29T20:05:37 IST" duration-ms="3477" status="PASS">
          <reporter-output>
          </reporter-output>
        </test-method> <!-- launchApplication -->
        <test-method signature="productErrorValidation()[pri:0, instance:ecommerceproject.ecommerceproject.ErrorValidationTest@7f2cfe3f]" started-at="2023-09-29T20:05:37 IST" name="productErrorValidation" finished-at="2023-09-29T20:05:40 IST" duration-ms="2988" status="PASS">
          <reporter-output>
          </reporter-output>
        </test-method> <!-- productErrorValidation -->
        <test-method is-config="true" signature="tearDown()[pri:0, instance:ecommerceproject.ecommerceproject.ErrorValidationTest@7f2cfe3f]" started-at="2023-09-29T20:05:40 IST" name="tearDown" finished-at="2023-09-29T20:05:40 IST" duration-ms="219" status="PASS">
          <reporter-output>
          </reporter-output>
        </test-method> <!-- tearDown -->
      </class> <!-- ecommerceproject.ecommerceproject.ErrorValidationTest -->
    </test> <!-- Error Validation Test -->
  </suite> <!-- Suite -->
</testng-results>
