<?xml version="1.0" encoding="UTF-8"?>
<testng-results ignored="0" total="6" passed="6" failed="0" skipped="0">
  <reporter-output>
  </reporter-output>
  <suite started-at="2023-09-29T23:07:14 IST" name="Suite" finished-at="2023-09-29T23:08:48 IST" duration-ms="94260">
    <groups>
      <group name="ErrorHandling">
        <method signature="ErrorValidationTest.loginErrorValidation()[pri:0, instance:ecommerceproject.ecommerceproject.ErrorValidationTest@491b9b8]" name="loginErrorValidation" class="ecommerceproject.ecommerceproject.ErrorValidationTest"/>
      </group> <!-- ErrorHandling -->
      <group name="Purchase">
        <method signature="SubmitOrderTest.submitOrder(java.util.HashMap)[pri:0, instance:ecommerceproject.ecommerceproject.SubmitOrderTest@4a003cbe]" name="submitOrder" class="ecommerceproject.ecommerceproject.SubmitOrderTest"/>
      </group> <!-- Purchase -->
    </groups>
    <test started-at="2023-09-29T23:07:14 IST" name="Submit Order Test" finished-at="2023-09-29T23:08:21 IST" duration-ms="66448">
      <class name="ecommerceproject.ecommerceproject.SubmitOrderTest">
        <test-method is-config="true" signature="launchApplication()[pri:0, instance:ecommerceproject.ecommerceproject.SubmitOrderTest@4a003cbe]" started-at="2023-09-29T23:07:15 IST" name="launchApplication" finished-at="2023-09-29T23:07:24 IST" duration-ms="9580" status="PASS">
          <reporter-output>
          </reporter-output>
        </test-method> <!-- launchApplication -->
        <test-method signature="submitOrder(java.util.HashMap)[pri:0, instance:ecommerceproject.ecommerceproject.SubmitOrderTest@4a003cbe]" started-at="2023-09-29T23:07:24 IST" name="submitOrder" data-provider="getData" finished-at="2023-09-29T23:07:41 IST" duration-ms="16942" status="PASS">
          <params>
            <param index="0">
              <value>
                <![CDATA[{password=Jha@123gg, product=ZARA COAT 3, email=jhagangeshgunjan@gmail.com}]]>
              </value>
            </param>
          </params>
          <reporter-output>
          </reporter-output>
        </test-method> <!-- submitOrder -->
        <test-method is-config="true" signature="tearDown()[pri:0, instance:ecommerceproject.ecommerceproject.SubmitOrderTest@4a003cbe]" started-at="2023-09-29T23:07:41 IST" name="tearDown" finished-at="2023-09-29T23:07:41 IST" duration-ms="220" status="PASS">
          <reporter-output>
          </reporter-output>
        </test-method> <!-- tearDown -->
        <test-method is-config="true" signature="launchApplication()[pri:0, instance:ecommerceproject.ecommerceproject.SubmitOrderTest@4a003cbe]" started-at="2023-09-29T23:07:41 IST" name="launchApplication" finished-at="2023-09-29T23:07:48 IST" duration-ms="6734" status="PASS">
          <reporter-output>
          </reporter-output>
        </test-method> <!-- launchApplication -->
        <test-method signature="submitOrder(java.util.HashMap)[pri:0, instance:ecommerceproject.ecommerceproject.SubmitOrderTest@4a003cbe]" started-at="2023-09-29T23:07:48 IST" name="submitOrder" data-provider="getData" finished-at="2023-09-29T23:08:05 IST" duration-ms="16981" status="PASS">
          <params>
            <param index="0">
              <value>
                <![CDATA[{password=G@g8961jha, product=ADIDAS ORIGINAL, email=ujha777@gmail.com}]]>
              </value>
            </param>
          </params>
          <reporter-output>
          </reporter-output>
        </test-method> <!-- submitOrder -->
        <test-method is-config="true" signature="tearDown()[pri:0, instance:ecommerceproject.ecommerceproject.SubmitOrderTest@4a003cbe]" started-at="2023-09-29T23:08:05 IST" name="tearDown" finished-at="2023-09-29T23:08:05 IST" duration-ms="302" status="PASS">
          <reporter-output>
          </reporter-output>
        </test-method> <!-- tearDown -->
        <test-method is-config="true" signature="launchApplication()[pri:0, instance:ecommerceproject.ecommerceproject.SubmitOrderTest@4a003cbe]" started-at="2023-09-29T23:08:05 IST" name="launchApplication" finished-at="2023-09-29T23:08:12 IST" duration-ms="6383" status="PASS">
          <reporter-output>
          </reporter-output>
        </test-method> <!-- launchApplication -->
        <test-method signature="orderHistoryTest(java.util.HashMap)[pri:0, instance:ecommerceproject.ecommerceproject.SubmitOrderTest@4a003cbe]" started-at="2023-09-29T23:08:12 IST" name="orderHistoryTest" data-provider="getData" finished-at="2023-09-29T23:08:13 IST" depends-on-methods="ecommerceproject.ecommerceproject.SubmitOrderTest.submitOrder" duration-ms="1397" status="PASS">
          <params>
            <param index="0">
              <value>
                <![CDATA[{password=Jha@123gg, product=ZARA COAT 3, email=jhagangeshgunjan@gmail.com}]]>
              </value>
            </param>
          </params>
          <reporter-output>
          </reporter-output>
        </test-method> <!-- orderHistoryTest -->
        <test-method is-config="true" signature="tearDown()[pri:0, instance:ecommerceproject.ecommerceproject.SubmitOrderTest@4a003cbe]" started-at="2023-09-29T23:08:13 IST" name="tearDown" finished-at="2023-09-29T23:08:13 IST" duration-ms="159" status="PASS">
          <reporter-output>
          </reporter-output>
        </test-method> <!-- tearDown -->
        <test-method is-config="true" signature="launchApplication()[pri:0, instance:ecommerceproject.ecommerceproject.SubmitOrderTest@4a003cbe]" started-at="2023-09-29T23:08:13 IST" name="launchApplication" finished-at="2023-09-29T23:08:19 IST" duration-ms="5412" status="PASS">
          <reporter-output>
          </reporter-output>
        </test-method> <!-- launchApplication -->
        <test-method signature="orderHistoryTest(java.util.HashMap)[pri:0, instance:ecommerceproject.ecommerceproject.SubmitOrderTest@4a003cbe]" started-at="2023-09-29T23:08:19 IST" name="orderHistoryTest" data-provider="getData" finished-at="2023-09-29T23:08:20 IST" depends-on-methods="ecommerceproject.ecommerceproject.SubmitOrderTest.submitOrder" duration-ms="1577" status="PASS">
          <params>
            <param index="0">
              <value>
                <![CDATA[{password=G@g8961jha, product=ADIDAS ORIGINAL, email=ujha777@gmail.com}]]>
              </value>
            </param>
          </params>
          <reporter-output>
          </reporter-output>
        </test-method> <!-- orderHistoryTest -->
        <test-method is-config="true" signature="tearDown()[pri:0, instance:ecommerceproject.ecommerceproject.SubmitOrderTest@4a003cbe]" started-at="2023-09-29T23:08:20 IST" name="tearDown" finished-at="2023-09-29T23:08:21 IST" duration-ms="177" status="PASS">
          <reporter-output>
          </reporter-output>
        </test-method> <!-- tearDown -->
      </class> <!-- ecommerceproject.ecommerceproject.SubmitOrderTest -->
    </test> <!-- Submit Order Test -->
    <test started-at="2023-09-29T23:08:22 IST" name="Error Validation Test" finished-at="2023-09-29T23:08:48 IST" duration-ms="26870">
      <class name="ecommerceproject.ecommerceproject.ErrorValidationTest">
        <test-method is-config="true" signature="launchApplication()[pri:0, instance:ecommerceproject.ecommerceproject.ErrorValidationTest@491b9b8]" started-at="2023-09-29T23:08:22 IST" name="launchApplication" finished-at="2023-09-29T23:08:27 IST" duration-ms="5409" status="PASS">
          <reporter-output>
          </reporter-output>
        </test-method> <!-- launchApplication -->
        <test-method signature="loginErrorValidation()[pri:0, instance:ecommerceproject.ecommerceproject.ErrorValidationTest@491b9b8]" started-at="2023-09-29T23:08:27 IST" name="loginErrorValidation" finished-at="2023-09-29T23:08:28 IST" duration-ms="1026" status="PASS">
          <reporter-output>
          </reporter-output>
        </test-method> <!-- loginErrorValidation -->
        <test-method is-config="true" signature="tearDown()[pri:0, instance:ecommerceproject.ecommerceproject.ErrorValidationTest@491b9b8]" started-at="2023-09-29T23:08:28 IST" name="tearDown" finished-at="2023-09-29T23:08:28 IST" duration-ms="178" status="PASS">
          <reporter-output>
          </reporter-output>
        </test-method> <!-- tearDown -->
        <test-method is-config="true" signature="launchApplication()[pri:0, instance:ecommerceproject.ecommerceproject.ErrorValidationTest@491b9b8]" started-at="2023-09-29T23:08:28 IST" name="launchApplication" finished-at="2023-09-29T23:08:34 IST" duration-ms="5341" status="PASS">
          <reporter-output>
          </reporter-output>
        </test-method> <!-- launchApplication -->
        <test-method signature="productErrorValidation()[pri:0, instance:ecommerceproject.ecommerceproject.ErrorValidationTest@491b9b8]" started-at="2023-09-29T23:08:34 IST" name="productErrorValidation" finished-at="2023-09-29T23:08:48 IST" duration-ms="14727" status="PASS">
          <reporter-output>
          </reporter-output>
        </test-method> <!-- productErrorValidation -->
        <test-method is-config="true" signature="tearDown()[pri:0, instance:ecommerceproject.ecommerceproject.ErrorValidationTest@491b9b8]" started-at="2023-09-29T23:08:48 IST" name="tearDown" finished-at="2023-09-29T23:08:48 IST" duration-ms="172" status="PASS">
          <reporter-output>
          </reporter-output>
        </test-method> <!-- tearDown -->
      </class> <!-- ecommerceproject.ecommerceproject.ErrorValidationTest -->
    </test> <!-- Error Validation Test -->
  </suite> <!-- Suite -->
</testng-results>
