<?xml version="1.0" encoding="UTF-8"?>
<!-- Generated by org.testng.reporters.JUnitXMLReporter -->
<testsuite ignored="0" hostname="DESKTOP-NCKGJI9" failures="0" tests="4" name="Default test" time="44.774" errors="0" timestamp="2023-09-18T20:12:42 IST">
  <testcase classname="ecommerceproject.ecommerceproject.SubmitOrderTest" name="submitOrder" time="4.785"/>
  <testcase classname="ecommerceproject.ecommerceproject.SubmitOrderTest" name="submitOrder" time="15.987"/>
  <testcase classname="ecommerceproject.ecommerceproject.SubmitOrderTest" name="orderHistoryTest" time="1.433"/>
  <testcase classname="ecommerceproject.ecommerceproject.SubmitOrderTest" name="orderHistoryTest" time="1.325"/>
</testsuite> <!-- Default test -->
