<?xml version="1.0" encoding="UTF-8"?>
<!-- Generated by org.testng.reporters.JUnitXMLReporter -->
<testsuite ignored="0" hostname="DESKTOP-NCKGJI9" failures="1" tests="2" name="Error Validation Test" time="10.236" errors="0" timestamp="2023-09-19T00:12:04 IST">
  <testcase classname="ecommerceproject.ecommerceproject.ErrorValidationTest" name="loginErrorValidation" time="0.805">
    <failure type="java.lang.AssertionError" message="expected [Incorrect email or password.] but found [Incorrect email  password.]">
      <![CDATA[java.lang.AssertionError: expected [Incorrect email or password.] but found [Incorrect email  password.]
at ecommerceproject.ecommerceproject.ErrorValidationTest.loginErrorValidation(ErrorValidationTest.java:27)
at java.base/java.util.ArrayList.forEach(ArrayList.java:1511)
... Removed 33 stack frames]]>
    </failure>
  </testcase> <!-- loginErrorValidation -->
  <testcase classname="ecommerceproject.ecommerceproject.ErrorValidationTest" name="productErrorValidation" time="2.853"/>
</testsuite> <!-- Error Validation Test -->
